[debug] [2024-07-16T03:06:03.386Z] ----------------------------------------------------------------------
[debug] [2024-07-16T03:06:03.389Z] Command:       C:\Program Files\nodejs\node.exe C:\Users\dell\AppData\Roaming\npm\node_modules\firebase-tools\lib\bin\firebase.js init
[debug] [2024-07-16T03:06:03.390Z] CLI Version:   13.13.3
[debug] [2024-07-16T03:06:03.390Z] Platform:      win32
[debug] [2024-07-16T03:06:03.390Z] Node Version:  v21.5.0
[debug] [2024-07-16T03:06:03.391Z] Time:          Tue Jul 16 2024 11:06:03 GMT+0800 (China Standard Time)
[debug] [2024-07-16T03:06:03.391Z] ----------------------------------------------------------------------
[debug] 
[debug] [2024-07-16T03:06:03.483Z] Object "" in "firebase.json" has unknown property: {"additionalProperty":"rules"}
[debug] [2024-07-16T03:06:03.494Z] > command requires scopes: ["email","openid","https://www.googleapis.com/auth/cloudplatformprojects.readonly","https://www.googleapis.com/auth/firebase","https://www.googleapis.com/auth/cloud-platform"]
[debug] [2024-07-16T03:06:03.494Z] > authorizing via signed-in user (danielobeng016@gmail.com)
[debug] [2024-07-16T03:06:03.495Z] Object "" in "firebase.json" has unknown property: {"additionalProperty":"rules"}
[info] 
     ######## #### ########  ######## ########     ###     ######  ########
     ##        ##  ##     ## ##       ##     ##  ##   ##  ##       ##
     ######    ##  ########  ######   ########  #########  ######  ######
     ##        ##  ##    ##  ##       ##     ## ##     ##       ## ##
     ##       #### ##     ## ######## ########  ##     ##  ######  ########

You're about to initialize a Firebase project in this directory:

  C:\Users\dell\Documents\GitHub\meanasnew

Before we get started, keep in mind:

  * You are initializing within an existing Firebase project directory

